mode: set
github.com/geraldo/bunny-sdk-go/internal/bunny-flexible-time-parser.go:26.55,28.28 2 1
github.com/geraldo/bunny-sdk-go/internal/bunny-flexible-time-parser.go:28.28,30.3 1 1
github.com/geraldo/bunny-sdk-go/internal/bunny-flexible-time-parser.go:32.2,33.42 2 1
github.com/geraldo/bunny-sdk-go/internal/bunny-flexible-time-parser.go:33.42,35.17 2 1
github.com/geraldo/bunny-sdk-go/internal/bunny-flexible-time-parser.go:35.17,37.4 1 1
github.com/geraldo/bunny-sdk-go/internal/bunny-flexible-time-parser.go:40.2,40.12 1 1
github.com/geraldo/bunny-sdk-go/internal/bunny-flexible-time-parser.go:44.51,45.17 1 1
github.com/geraldo/bunny-sdk-go/internal/bunny-flexible-time-parser.go:45.17,47.3 1 1
github.com/geraldo/bunny-sdk-go/internal/bunny-flexible-time-parser.go:48.2,48.57 1 1
github.com/geraldo/bunny-sdk-go/internal/request.go:13.97,15.16 2 1
github.com/geraldo/bunny-sdk-go/internal/request.go:15.16,17.3 1 1
github.com/geraldo/bunny-sdk-go/internal/request.go:18.2,18.17 1 1
github.com/geraldo/bunny-sdk-go/internal/request.go:22.61,26.67 3 1
github.com/geraldo/bunny-sdk-go/internal/request.go:26.67,28.3 1 1
github.com/geraldo/bunny-sdk-go/internal/request.go:29.2,29.21 1 1
github.com/geraldo/bunny-sdk-go/internal/request.go:33.60,36.2 2 1
github.com/geraldo/bunny-sdk-go/internal/request.go:46.53,48.55 2 1
github.com/geraldo/bunny-sdk-go/internal/request.go:48.55,50.3 1 1
github.com/geraldo/bunny-sdk-go/internal/request.go:51.2,51.17 1 1
github.com/geraldo/bunny-sdk-go/stream/client.go:35.43,36.25 1 1
github.com/geraldo/bunny-sdk-go/stream/client.go:36.25,38.3 1 1
github.com/geraldo/bunny-sdk-go/stream/client.go:42.38,43.25 1 1
github.com/geraldo/bunny-sdk-go/stream/client.go:43.25,45.3 1 1
github.com/geraldo/bunny-sdk-go/stream/client.go:49.40,50.25 1 1
github.com/geraldo/bunny-sdk-go/stream/client.go:50.25,52.3 1 1
github.com/geraldo/bunny-sdk-go/stream/client.go:56.42,57.25 1 1
github.com/geraldo/bunny-sdk-go/stream/client.go:57.25,59.3 1 1
github.com/geraldo/bunny-sdk-go/stream/client.go:64.55,72.27 2 1
github.com/geraldo/bunny-sdk-go/stream/client.go:72.27,74.3 1 1
github.com/geraldo/bunny-sdk-go/stream/client.go:75.2,75.10 1 1
github.com/geraldo/bunny-sdk-go/stream/client.go:79.55,81.2 1 1
github.com/geraldo/bunny-sdk-go/stream/client.go:84.45,86.2 1 1
github.com/geraldo/bunny-sdk-go/stream/client.go:89.65,91.2 1 1
github.com/geraldo/bunny-sdk-go/stream/client.go:98.96,100.2 1 1
github.com/geraldo/bunny-sdk-go/stream/client.go:107.98,109.2 1 1
github.com/geraldo/bunny-sdk-go/stream/client.go:111.115,113.2 1 1
github.com/geraldo/bunny-sdk-go/stream/collection.go:29.49,31.2 1 1
github.com/geraldo/bunny-sdk-go/stream/collection.go:38.81,40.2 1 1
github.com/geraldo/bunny-sdk-go/stream/collection.go:43.117,45.17 2 1
github.com/geraldo/bunny-sdk-go/stream/collection.go:45.17,47.3 1 1
github.com/geraldo/bunny-sdk-go/stream/collection.go:49.2,50.75 2 1
github.com/geraldo/bunny-sdk-go/stream/collection.go:50.75,52.3 1 1
github.com/geraldo/bunny-sdk-go/stream/collection.go:53.2,53.19 1 1
github.com/geraldo/bunny-sdk-go/stream/collection.go:57.96,61.81 3 1
github.com/geraldo/bunny-sdk-go/stream/collection.go:61.81,63.3 1 1
github.com/geraldo/bunny-sdk-go/stream/collection.go:64.2,64.25 1 1
github.com/geraldo/bunny-sdk-go/stream/collection.go:68.108,72.82 3 1
github.com/geraldo/bunny-sdk-go/stream/collection.go:72.82,74.3 1 1
github.com/geraldo/bunny-sdk-go/stream/collection.go:75.2,75.25 1 1
github.com/geraldo/bunny-sdk-go/stream/collection.go:79.129,83.82 3 1
github.com/geraldo/bunny-sdk-go/stream/collection.go:83.82,85.3 1 1
github.com/geraldo/bunny-sdk-go/stream/collection.go:86.2,86.25 1 1
github.com/geraldo/bunny-sdk-go/stream/collection.go:90.84,93.2 2 1
github.com/geraldo/bunny-sdk-go/stream/collection.go:95.67,97.19 2 1
github.com/geraldo/bunny-sdk-go/stream/collection.go:97.19,99.3 1 1
github.com/geraldo/bunny-sdk-go/stream/collection.go:100.2,100.27 1 1
github.com/geraldo/bunny-sdk-go/stream/collection.go:100.27,102.3 1 1
github.com/geraldo/bunny-sdk-go/stream/collection.go:103.2,103.24 1 1
github.com/geraldo/bunny-sdk-go/stream/collection.go:103.24,105.3 1 1
github.com/geraldo/bunny-sdk-go/stream/collection.go:106.2,106.28 1 1
github.com/geraldo/bunny-sdk-go/stream/collection.go:106.28,108.3 1 1
github.com/geraldo/bunny-sdk-go/stream/collection.go:109.2,109.24 1 1
github.com/geraldo/bunny-sdk-go/stream/library.go:30.46,32.2 1 1
github.com/geraldo/bunny-sdk-go/stream/library.go:43.63,45.2 1 1
github.com/geraldo/bunny-sdk-go/stream/library.go:48.108,50.17 2 1
github.com/geraldo/bunny-sdk-go/stream/library.go:50.17,52.3 1 1
github.com/geraldo/bunny-sdk-go/stream/library.go:54.2,55.75 2 1
github.com/geraldo/bunny-sdk-go/stream/library.go:55.75,57.3 1 1
github.com/geraldo/bunny-sdk-go/stream/library.go:58.2,58.19 1 1
github.com/geraldo/bunny-sdk-go/stream/library.go:62.86,66.78 3 1
github.com/geraldo/bunny-sdk-go/stream/library.go:66.78,68.3 1 1
github.com/geraldo/bunny-sdk-go/stream/library.go:69.2,69.22 1 1
github.com/geraldo/bunny-sdk-go/stream/library.go:73.99,75.90 2 1
github.com/geraldo/bunny-sdk-go/stream/library.go:75.90,77.3 1 1
github.com/geraldo/bunny-sdk-go/stream/library.go:78.2,78.22 1 1
github.com/geraldo/bunny-sdk-go/stream/library.go:82.116,86.79 3 1
github.com/geraldo/bunny-sdk-go/stream/library.go:86.79,88.3 1 1
github.com/geraldo/bunny-sdk-go/stream/library.go:89.2,89.22 1 1
github.com/geraldo/bunny-sdk-go/stream/library.go:93.77,96.2 2 1
github.com/geraldo/bunny-sdk-go/stream/library.go:99.131,101.17 2 1
github.com/geraldo/bunny-sdk-go/stream/library.go:101.17,103.3 1 1
github.com/geraldo/bunny-sdk-go/stream/library.go:105.2,106.75 2 1
github.com/geraldo/bunny-sdk-go/stream/library.go:106.75,108.3 1 1
github.com/geraldo/bunny-sdk-go/stream/library.go:109.2,109.19 1 1
github.com/geraldo/bunny-sdk-go/stream/library.go:112.61,114.19 2 1
github.com/geraldo/bunny-sdk-go/stream/library.go:114.19,116.3 1 1
github.com/geraldo/bunny-sdk-go/stream/library.go:117.2,117.27 1 1
github.com/geraldo/bunny-sdk-go/stream/library.go:117.27,119.3 1 1
github.com/geraldo/bunny-sdk-go/stream/library.go:120.2,120.24 1 1
github.com/geraldo/bunny-sdk-go/stream/video.go:43.44,45.2 1 1
github.com/geraldo/bunny-sdk-go/stream/video.go:57.71,59.2 1 1
github.com/geraldo/bunny-sdk-go/stream/video.go:62.102,64.17 2 1
github.com/geraldo/bunny-sdk-go/stream/video.go:64.17,66.3 1 1
github.com/geraldo/bunny-sdk-go/stream/video.go:68.2,69.75 2 1
github.com/geraldo/bunny-sdk-go/stream/video.go:69.75,71.3 1 1
github.com/geraldo/bunny-sdk-go/stream/video.go:72.2,72.19 1 1
github.com/geraldo/bunny-sdk-go/stream/video.go:76.81,80.76 3 1
github.com/geraldo/bunny-sdk-go/stream/video.go:80.76,82.3 1 1
github.com/geraldo/bunny-sdk-go/stream/video.go:83.2,83.20 1 1
github.com/geraldo/bunny-sdk-go/stream/video.go:87.93,91.77 3 1
github.com/geraldo/bunny-sdk-go/stream/video.go:91.77,93.3 1 1
github.com/geraldo/bunny-sdk-go/stream/video.go:94.2,94.20 1 1
github.com/geraldo/bunny-sdk-go/stream/video.go:98.109,102.77 3 1
github.com/geraldo/bunny-sdk-go/stream/video.go:102.77,104.3 1 1
github.com/geraldo/bunny-sdk-go/stream/video.go:105.2,105.20 1 1
github.com/geraldo/bunny-sdk-go/stream/video.go:109.74,112.2 2 1
github.com/geraldo/bunny-sdk-go/stream/video.go:115.92,118.2 2 1
github.com/geraldo/bunny-sdk-go/stream/video.go:121.111,125.76 3 1
github.com/geraldo/bunny-sdk-go/stream/video.go:125.76,127.3 1 1
github.com/geraldo/bunny-sdk-go/stream/video.go:128.2,128.19 1 1
github.com/geraldo/bunny-sdk-go/stream/video.go:132.98,135.2 2 1
github.com/geraldo/bunny-sdk-go/stream/video.go:138.102,141.2 2 1
github.com/geraldo/bunny-sdk-go/stream/video.go:144.90,147.2 2 1
github.com/geraldo/bunny-sdk-go/stream/video.go:150.131,154.76 3 1
github.com/geraldo/bunny-sdk-go/stream/video.go:154.76,156.3 1 1
github.com/geraldo/bunny-sdk-go/stream/video.go:157.2,157.19 1 1
github.com/geraldo/bunny-sdk-go/stream/video.go:161.94,165.75 3 1
github.com/geraldo/bunny-sdk-go/stream/video.go:165.75,167.3 1 1
github.com/geraldo/bunny-sdk-go/stream/video.go:168.2,168.19 1 1
github.com/geraldo/bunny-sdk-go/stream/video.go:172.126,174.17 2 1
github.com/geraldo/bunny-sdk-go/stream/video.go:174.17,176.3 1 1
github.com/geraldo/bunny-sdk-go/stream/video.go:178.2,179.75 2 1
github.com/geraldo/bunny-sdk-go/stream/video.go:179.75,181.3 1 1
github.com/geraldo/bunny-sdk-go/stream/video.go:182.2,182.19 1 1
github.com/geraldo/bunny-sdk-go/stream/video.go:186.100,190.75 3 1
github.com/geraldo/bunny-sdk-go/stream/video.go:190.75,192.3 1 1
github.com/geraldo/bunny-sdk-go/stream/video.go:193.2,193.19 1 1
github.com/geraldo/bunny-sdk-go/stream/video.go:196.57,198.19 2 1
github.com/geraldo/bunny-sdk-go/stream/video.go:198.19,200.3 1 1
github.com/geraldo/bunny-sdk-go/stream/video.go:201.2,201.27 1 1
github.com/geraldo/bunny-sdk-go/stream/video.go:201.27,203.3 1 1
github.com/geraldo/bunny-sdk-go/stream/video.go:204.2,204.23 1 1
github.com/geraldo/bunny-sdk-go/stream/video.go:204.23,206.3 1 1
github.com/geraldo/bunny-sdk-go/stream/video.go:207.2,207.27 1 1
github.com/geraldo/bunny-sdk-go/stream/video.go:207.27,209.3 1 1
github.com/geraldo/bunny-sdk-go/stream/video.go:210.2,210.24 1 1
github.com/geraldo/bunny-sdk-go/stream/video.go:210.24,212.3 1 1
github.com/geraldo/bunny-sdk-go/stream/video.go:213.2,213.28 1 1
github.com/geraldo/bunny-sdk-go/stream/video.go:213.28,215.3 1 1
github.com/geraldo/bunny-sdk-go/stream/video.go:216.2,216.24 1 1
github.com/geraldo/bunny-sdk-go/stream/video.go:219.59,221.25 2 1
github.com/geraldo/bunny-sdk-go/stream/video.go:221.25,223.3 1 1
github.com/geraldo/bunny-sdk-go/stream/video.go:224.2,224.23 1 1
github.com/geraldo/bunny-sdk-go/stream/video.go:224.23,226.3 1 1
github.com/geraldo/bunny-sdk-go/stream/video.go:227.2,227.24 1 1
github.com/geraldo/bunny-sdk-go/stream/video.go:233.81,237.17 3 1
github.com/geraldo/bunny-sdk-go/stream/video.go:237.17,239.17 2 1
github.com/geraldo/bunny-sdk-go/stream/video.go:239.17,241.4 1 0
github.com/geraldo/bunny-sdk-go/stream/video.go:242.3,242.41 1 1
github.com/geraldo/bunny-sdk-go/stream/video.go:245.2,246.16 2 1
github.com/geraldo/bunny-sdk-go/stream/video.go:246.16,248.3 1 0
github.com/geraldo/bunny-sdk-go/stream/video.go:250.2,252.17 3 1
github.com/geraldo/bunny-sdk-go/stream/video.go:252.17,254.3 1 1
github.com/geraldo/bunny-sdk-go/stream/video.go:255.2,258.16 3 1
github.com/geraldo/bunny-sdk-go/stream/video.go:258.16,260.3 1 1
github.com/geraldo/bunny-sdk-go/stream/video.go:262.2,262.28 1 1
github.com/geraldo/bunny-sdk-go/stream/video.go:262.28,264.3 1 1
github.com/geraldo/bunny-sdk-go/stream/video.go:266.2,266.62 1 1
github.com/geraldo/bunny-sdk-go/stream/video.go:266.62,268.67 2 1
github.com/geraldo/bunny-sdk-go/stream/video.go:268.67,270.4 1 1
github.com/geraldo/bunny-sdk-go/stream/video.go:271.8,273.3 1 1
github.com/geraldo/bunny-sdk-go/stream/video.go:275.2,275.12 1 1
github.com/geraldo/bunny-sdk-go/stream/video.go:281.95,285.16 3 1
github.com/geraldo/bunny-sdk-go/stream/video.go:285.16,287.3 1 0
github.com/geraldo/bunny-sdk-go/stream/video.go:289.2,291.23 3 1
github.com/geraldo/bunny-sdk-go/stream/video.go:291.23,293.3 1 1
github.com/geraldo/bunny-sdk-go/stream/video.go:295.2,296.16 2 1
github.com/geraldo/bunny-sdk-go/stream/video.go:296.16,298.3 1 0
github.com/geraldo/bunny-sdk-go/stream/video.go:299.2,301.28 2 1
github.com/geraldo/bunny-sdk-go/stream/video.go:301.28,303.3 1 1
github.com/geraldo/bunny-sdk-go/stream/video.go:305.2,305.12 1 1
github.com/geraldo/bunny-sdk-go/stream/video.go:308.53,310.16 2 1
github.com/geraldo/bunny-sdk-go/stream/video.go:310.16,312.3 1 0
github.com/geraldo/bunny-sdk-go/stream/video.go:314.2,315.45 2 1
github.com/geraldo/bunny-sdk-go/stream/video.go:315.45,317.3 1 1
github.com/geraldo/bunny-sdk-go/stream/video.go:319.2,319.59 1 1
github.com/geraldo/bunny-sdk-go/stream/video.go:330.35,331.19 1 1
github.com/geraldo/bunny-sdk-go/stream/video.go:331.19,333.3 1 1
github.com/geraldo/bunny-sdk-go/stream/video.go:334.2,334.22 1 1
github.com/geraldo/bunny-sdk-go/stream/video.go:334.22,336.3 1 1
github.com/geraldo/bunny-sdk-go/stream/video.go:337.2,337.78 1 1
github.com/geraldo/bunny-sdk-go/stream/video.go:340.73,347.2 1 1
github.com/geraldo/bunny-sdk-go/auth.go:11.54,13.2 1 0
github.com/geraldo/bunny-sdk-go/bunny.go:48.55,56.27 2 1
github.com/geraldo/bunny-sdk-go/bunny.go:56.27,58.3 1 1
github.com/geraldo/bunny-sdk-go/bunny.go:59.2,59.10 1 1
github.com/geraldo/bunny-sdk-go/bunny.go:72.67,79.27 2 1
github.com/geraldo/bunny-sdk-go/bunny.go:79.27,81.3 1 1
github.com/geraldo/bunny-sdk-go/bunny.go:83.2,88.3 1 1
github.com/geraldo/bunny-sdk-go/bunny.go:117.104,125.27 3 1
github.com/geraldo/bunny-sdk-go/bunny.go:125.27,127.3 1 1
github.com/geraldo/bunny-sdk-go/bunny.go:129.2,135.3 1 1
github.com/geraldo/bunny-sdk-go/bunny.go:139.98,141.2 1 0
github.com/geraldo/bunny-sdk-go/bunny.go:144.104,146.2 1 0
github.com/geraldo/bunny-sdk-go/bunny.go:149.147,153.17 3 0
github.com/geraldo/bunny-sdk-go/bunny.go:153.17,155.17 2 0
github.com/geraldo/bunny-sdk-go/bunny.go:155.17,157.4 1 0
github.com/geraldo/bunny-sdk-go/bunny.go:158.3,158.41 1 0
github.com/geraldo/bunny-sdk-go/bunny.go:161.2,162.16 2 0
github.com/geraldo/bunny-sdk-go/bunny.go:162.16,164.3 1 0
github.com/geraldo/bunny-sdk-go/bunny.go:166.2,168.17 3 0
github.com/geraldo/bunny-sdk-go/bunny.go:168.17,170.3 1 0
github.com/geraldo/bunny-sdk-go/bunny.go:171.2,174.16 3 0
github.com/geraldo/bunny-sdk-go/bunny.go:174.16,176.3 1 0
github.com/geraldo/bunny-sdk-go/bunny.go:178.2,178.28 1 0
github.com/geraldo/bunny-sdk-go/bunny.go:178.28,180.3 1 0
github.com/geraldo/bunny-sdk-go/bunny.go:182.2,182.62 1 0
github.com/geraldo/bunny-sdk-go/bunny.go:182.62,184.67 2 0
github.com/geraldo/bunny-sdk-go/bunny.go:184.67,186.4 1 0
github.com/geraldo/bunny-sdk-go/bunny.go:187.8,189.3 1 0
github.com/geraldo/bunny-sdk-go/bunny.go:191.2,191.12 1 0
github.com/geraldo/bunny-sdk-go/bunny.go:195.53,197.16 2 0
github.com/geraldo/bunny-sdk-go/bunny.go:197.16,199.3 1 0
github.com/geraldo/bunny-sdk-go/bunny.go:201.2,202.45 2 0
github.com/geraldo/bunny-sdk-go/bunny.go:202.45,204.3 1 0
github.com/geraldo/bunny-sdk-go/bunny.go:206.2,206.56 1 0
github.com/geraldo/bunny-sdk-go/bunny.go:210.62,211.17 1 0
github.com/geraldo/bunny-sdk-go/bunny.go:211.17,213.3 1 0
github.com/geraldo/bunny-sdk-go/bunny.go:215.2,216.19 2 0
github.com/geraldo/bunny-sdk-go/bunny.go:216.19,218.3 1 0
github.com/geraldo/bunny-sdk-go/bunny.go:219.2,219.27 1 0
github.com/geraldo/bunny-sdk-go/bunny.go:219.27,221.3 1 0
github.com/geraldo/bunny-sdk-go/bunny.go:222.2,222.23 1 0
github.com/geraldo/bunny-sdk-go/bunny.go:222.23,224.3 1 0
github.com/geraldo/bunny-sdk-go/bunny.go:225.2,225.24 1 0
github.com/geraldo/bunny-sdk-go/bunny.go:225.24,227.3 1 0
github.com/geraldo/bunny-sdk-go/bunny.go:229.2,229.22 1 0
github.com/geraldo/bunny-sdk-go/bunny.go:229.22,231.3 1 0
github.com/geraldo/bunny-sdk-go/bunny.go:233.2,233.37 1 0
github.com/geraldo/bunny-sdk-go/bunny.go:233.37,235.3 1 0
github.com/geraldo/bunny-sdk-go/bunny.go:236.2,236.41 1 0
github.com/geraldo/bunny-sdk-go/errors.go:17.35,18.19 1 1
github.com/geraldo/bunny-sdk-go/errors.go:18.19,20.3 1 1
github.com/geraldo/bunny-sdk-go/errors.go:21.2,21.22 1 1
github.com/geraldo/bunny-sdk-go/errors.go:21.22,23.3 1 1
github.com/geraldo/bunny-sdk-go/errors.go:24.2,24.71 1 1
github.com/geraldo/bunny-sdk-go/errors.go:28.39,30.2 1 1
github.com/geraldo/bunny-sdk-go/errors.go:33.38,35.2 1 1
github.com/geraldo/bunny-sdk-go/errors.go:38.41,40.2 1 1
github.com/geraldo/bunny-sdk-go/errors.go:43.39,45.2 1 1
github.com/geraldo/bunny-sdk-go/errors.go:63.70,71.20 2 0
github.com/geraldo/bunny-sdk-go/errors.go:72.27,73.42 1 0
github.com/geraldo/bunny-sdk-go/errors.go:74.53,75.38 1 0
github.com/geraldo/bunny-sdk-go/errors.go:76.34,77.43 1 0
github.com/geraldo/bunny-sdk-go/errors.go:78.10,79.16 1 0
github.com/geraldo/bunny-sdk-go/options.go:7.43,8.25 1 1
github.com/geraldo/bunny-sdk-go/options.go:8.25,10.3 1 1
github.com/geraldo/bunny-sdk-go/options.go:14.38,15.25 1 1
github.com/geraldo/bunny-sdk-go/options.go:15.25,17.3 1 1
github.com/geraldo/bunny-sdk-go/options.go:21.43,22.25 1 1
github.com/geraldo/bunny-sdk-go/options.go:22.25,24.3 1 1
github.com/geraldo/bunny-sdk-go/options.go:28.44,29.25 1 1
github.com/geraldo/bunny-sdk-go/options.go:29.25,31.3 1 1
github.com/geraldo/bunny-sdk-go/pagination.go:12.47,14.2 1 1
github.com/geraldo/bunny-sdk-go/pagination.go:25.40,30.2 1 1
github.com/geraldo/bunny-sdk-go/storage/client.go:33.43,34.25 1 1
github.com/geraldo/bunny-sdk-go/storage/client.go:34.25,36.3 1 1
github.com/geraldo/bunny-sdk-go/storage/client.go:40.38,41.25 1 1
github.com/geraldo/bunny-sdk-go/storage/client.go:41.25,43.3 1 1
github.com/geraldo/bunny-sdk-go/storage/client.go:47.37,48.25 1 1
github.com/geraldo/bunny-sdk-go/storage/client.go:48.25,50.3 1 1
github.com/geraldo/bunny-sdk-go/storage/client.go:55.55,62.27 2 1
github.com/geraldo/bunny-sdk-go/storage/client.go:62.27,64.3 1 1
github.com/geraldo/bunny-sdk-go/storage/client.go:65.2,65.10 1 1
github.com/geraldo/bunny-sdk-go/storage/client.go:69.38,71.2 1 1
github.com/geraldo/bunny-sdk-go/storage/client.go:78.98,80.2 1 1
github.com/geraldo/bunny-sdk-go/storage/client.go:82.98,86.17 3 1
github.com/geraldo/bunny-sdk-go/storage/client.go:86.17,88.17 2 1
github.com/geraldo/bunny-sdk-go/storage/client.go:88.17,90.4 1 0
github.com/geraldo/bunny-sdk-go/storage/client.go:91.3,91.41 1 1
github.com/geraldo/bunny-sdk-go/storage/client.go:94.2,95.16 2 1
github.com/geraldo/bunny-sdk-go/storage/client.go:95.16,97.3 1 0
github.com/geraldo/bunny-sdk-go/storage/client.go:99.2,101.17 3 1
github.com/geraldo/bunny-sdk-go/storage/client.go:101.17,103.3 1 1
github.com/geraldo/bunny-sdk-go/storage/client.go:104.2,107.16 3 1
github.com/geraldo/bunny-sdk-go/storage/client.go:107.16,109.3 1 1
github.com/geraldo/bunny-sdk-go/storage/client.go:111.2,111.28 1 1
github.com/geraldo/bunny-sdk-go/storage/client.go:111.28,113.3 1 1
github.com/geraldo/bunny-sdk-go/storage/client.go:115.2,115.62 1 1
github.com/geraldo/bunny-sdk-go/storage/client.go:115.62,117.67 2 1
github.com/geraldo/bunny-sdk-go/storage/client.go:117.67,119.4 1 1
github.com/geraldo/bunny-sdk-go/storage/client.go:120.8,122.3 1 1
github.com/geraldo/bunny-sdk-go/storage/client.go:124.2,124.12 1 1
github.com/geraldo/bunny-sdk-go/storage/client.go:127.53,129.16 2 1
github.com/geraldo/bunny-sdk-go/storage/client.go:129.16,131.3 1 0
github.com/geraldo/bunny-sdk-go/storage/client.go:133.2,134.45 2 1
github.com/geraldo/bunny-sdk-go/storage/client.go:134.45,136.3 1 1
github.com/geraldo/bunny-sdk-go/storage/client.go:138.2,138.59 1 1
github.com/geraldo/bunny-sdk-go/storage/file.go:38.103,46.27 2 1
github.com/geraldo/bunny-sdk-go/storage/file.go:46.27,48.3 1 1
github.com/geraldo/bunny-sdk-go/storage/file.go:49.2,49.11 1 1
github.com/geraldo/bunny-sdk-go/storage/file.go:56.58,57.31 1 1
github.com/geraldo/bunny-sdk-go/storage/file.go:57.31,59.3 1 1
github.com/geraldo/bunny-sdk-go/storage/file.go:63.53,64.31 1 1
github.com/geraldo/bunny-sdk-go/storage/file.go:64.31,66.3 1 1
github.com/geraldo/bunny-sdk-go/storage/file.go:72.109,76.16 3 1
github.com/geraldo/bunny-sdk-go/storage/file.go:76.16,78.3 1 0
github.com/geraldo/bunny-sdk-go/storage/file.go:80.2,81.17 2 1
github.com/geraldo/bunny-sdk-go/storage/file.go:81.17,82.26 1 1
github.com/geraldo/bunny-sdk-go/storage/file.go:82.26,84.4 1 1
github.com/geraldo/bunny-sdk-go/storage/file.go:85.3,85.29 1 1
github.com/geraldo/bunny-sdk-go/storage/file.go:85.29,87.4 1 1
github.com/geraldo/bunny-sdk-go/storage/file.go:87.9,89.4 1 1
github.com/geraldo/bunny-sdk-go/storage/file.go:90.8,92.3 1 1
github.com/geraldo/bunny-sdk-go/storage/file.go:94.2,95.16 2 1
github.com/geraldo/bunny-sdk-go/storage/file.go:95.16,97.3 1 0
github.com/geraldo/bunny-sdk-go/storage/file.go:98.2,100.28 2 1
github.com/geraldo/bunny-sdk-go/storage/file.go:100.28,102.3 1 1
github.com/geraldo/bunny-sdk-go/storage/file.go:104.2,104.12 1 1
github.com/geraldo/bunny-sdk-go/storage/file.go:109.89,113.16 3 1
github.com/geraldo/bunny-sdk-go/storage/file.go:113.16,115.3 1 0
github.com/geraldo/bunny-sdk-go/storage/file.go:117.2,120.16 3 1
github.com/geraldo/bunny-sdk-go/storage/file.go:120.16,122.3 1 1
github.com/geraldo/bunny-sdk-go/storage/file.go:124.2,124.28 1 1
github.com/geraldo/bunny-sdk-go/storage/file.go:124.28,127.3 2 1
github.com/geraldo/bunny-sdk-go/storage/file.go:129.2,129.23 1 1
github.com/geraldo/bunny-sdk-go/storage/file.go:134.78,136.35 1 1
github.com/geraldo/bunny-sdk-go/storage/file.go:136.35,138.3 1 1
github.com/geraldo/bunny-sdk-go/storage/file.go:140.2,143.16 3 1
github.com/geraldo/bunny-sdk-go/storage/file.go:143.16,145.3 1 0
github.com/geraldo/bunny-sdk-go/storage/file.go:147.2,151.16 4 1
github.com/geraldo/bunny-sdk-go/storage/file.go:151.16,153.3 1 0
github.com/geraldo/bunny-sdk-go/storage/file.go:154.2,156.28 2 1
github.com/geraldo/bunny-sdk-go/storage/file.go:156.28,158.3 1 1
github.com/geraldo/bunny-sdk-go/storage/file.go:160.2,161.66 2 1
github.com/geraldo/bunny-sdk-go/storage/file.go:161.66,163.3 1 1
github.com/geraldo/bunny-sdk-go/storage/file.go:165.2,165.19 1 1
github.com/geraldo/bunny-sdk-go/storage/file.go:169.70,176.16 4 1
github.com/geraldo/bunny-sdk-go/storage/file.go:176.16,178.3 1 0
github.com/geraldo/bunny-sdk-go/storage/file.go:180.2,183.16 3 1
github.com/geraldo/bunny-sdk-go/storage/file.go:183.16,185.3 1 0
github.com/geraldo/bunny-sdk-go/storage/file.go:186.2,188.28 2 1
github.com/geraldo/bunny-sdk-go/storage/file.go:188.28,190.3 1 1
github.com/geraldo/bunny-sdk-go/storage/file.go:192.2,192.12 1 1
github.com/geraldo/bunny-sdk-go/storage/file.go:196.79,198.35 1 1
github.com/geraldo/bunny-sdk-go/storage/file.go:198.35,200.3 1 1
github.com/geraldo/bunny-sdk-go/storage/file.go:202.2,205.16 3 1
github.com/geraldo/bunny-sdk-go/storage/file.go:205.16,207.3 1 0
github.com/geraldo/bunny-sdk-go/storage/file.go:209.2,212.16 3 1
github.com/geraldo/bunny-sdk-go/storage/file.go:212.16,214.3 1 0
github.com/geraldo/bunny-sdk-go/storage/file.go:215.2,217.28 2 1
github.com/geraldo/bunny-sdk-go/storage/file.go:217.28,219.3 1 1
github.com/geraldo/bunny-sdk-go/storage/file.go:221.2,221.12 1 1
github.com/geraldo/bunny-sdk-go/storage/file.go:224.52,228.2 2 1
github.com/geraldo/bunny-sdk-go/storage/file.go:230.53,233.2 2 1
github.com/geraldo/bunny-sdk-go/storage/file.go:235.62,237.16 2 1
github.com/geraldo/bunny-sdk-go/storage/file.go:237.16,239.3 1 0
github.com/geraldo/bunny-sdk-go/storage/file.go:241.2,242.45 2 1
github.com/geraldo/bunny-sdk-go/storage/file.go:242.45,244.3 1 1
github.com/geraldo/bunny-sdk-go/storage/file.go:246.2,246.59 1 1
github.com/geraldo/bunny-sdk-go/storage/file.go:257.35,258.19 1 1
github.com/geraldo/bunny-sdk-go/storage/file.go:258.19,260.3 1 1
github.com/geraldo/bunny-sdk-go/storage/file.go:261.2,261.22 1 1
github.com/geraldo/bunny-sdk-go/storage/file.go:261.22,263.3 1 1
github.com/geraldo/bunny-sdk-go/storage/file.go:264.2,264.79 1 1
github.com/geraldo/bunny-sdk-go/storage/file.go:267.73,274.2 1 1
github.com/geraldo/bunny-sdk-go/storage/types.go:48.43,50.2 1 1
github.com/geraldo/bunny-sdk-go/storage/types.go:118.42,119.16 1 1
github.com/geraldo/bunny-sdk-go/storage/types.go:120.25,121.40 1 1
github.com/geraldo/bunny-sdk-go/storage/types.go:122.21,123.43 1 1
github.com/geraldo/bunny-sdk-go/storage/types.go:124.24,125.43 1 1
github.com/geraldo/bunny-sdk-go/storage/types.go:126.23,127.43 1 1
github.com/geraldo/bunny-sdk-go/storage/types.go:128.20,129.44 1 1
github.com/geraldo/bunny-sdk-go/storage/types.go:130.23,131.43 1 1
github.com/geraldo/bunny-sdk-go/storage/types.go:132.22,133.43 1 1
github.com/geraldo/bunny-sdk-go/storage/types.go:134.26,135.43 1 1
github.com/geraldo/bunny-sdk-go/storage/types.go:136.20,137.43 1 1
github.com/geraldo/bunny-sdk-go/storage/types.go:138.10,139.40 1 1
github.com/geraldo/bunny-sdk-go/storage/zone.go:32.52,34.2 1 1
github.com/geraldo/bunny-sdk-go/storage/zone.go:37.99,39.17 2 1
github.com/geraldo/bunny-sdk-go/storage/zone.go:39.17,41.3 1 1
github.com/geraldo/bunny-sdk-go/storage/zone.go:43.2,44.75 2 1
github.com/geraldo/bunny-sdk-go/storage/zone.go:44.75,46.3 1 1
github.com/geraldo/bunny-sdk-go/storage/zone.go:47.2,47.19 1 1
github.com/geraldo/bunny-sdk-go/storage/zone.go:51.77,55.75 3 1
github.com/geraldo/bunny-sdk-go/storage/zone.go:55.75,57.3 1 1
github.com/geraldo/bunny-sdk-go/storage/zone.go:58.2,58.19 1 1
github.com/geraldo/bunny-sdk-go/storage/zone.go:62.90,64.86 2 1
github.com/geraldo/bunny-sdk-go/storage/zone.go:64.86,66.3 1 1
github.com/geraldo/bunny-sdk-go/storage/zone.go:67.2,67.19 1 1
github.com/geraldo/bunny-sdk-go/storage/zone.go:71.104,75.76 3 1
github.com/geraldo/bunny-sdk-go/storage/zone.go:75.76,77.3 1 1
github.com/geraldo/bunny-sdk-go/storage/zone.go:78.2,78.19 1 1
github.com/geraldo/bunny-sdk-go/storage/zone.go:82.71,85.2 2 1
github.com/geraldo/bunny-sdk-go/storage/zone.go:88.106,92.75 3 1
github.com/geraldo/bunny-sdk-go/storage/zone.go:92.75,94.3 1 1
github.com/geraldo/bunny-sdk-go/storage/zone.go:95.2,95.19 1 1
github.com/geraldo/bunny-sdk-go/storage/zone.go:99.104,104.83 3 1
github.com/geraldo/bunny-sdk-go/storage/zone.go:104.83,106.3 1 1
github.com/geraldo/bunny-sdk-go/storage/zone.go:107.2,107.19 1 1
github.com/geraldo/bunny-sdk-go/storage/zone.go:111.120,116.83 3 1
github.com/geraldo/bunny-sdk-go/storage/zone.go:116.83,118.3 1 1
github.com/geraldo/bunny-sdk-go/storage/zone.go:119.2,119.19 1 1
github.com/geraldo/bunny-sdk-go/storage/zone.go:122.55,124.19 2 1
github.com/geraldo/bunny-sdk-go/storage/zone.go:124.19,126.3 1 1
github.com/geraldo/bunny-sdk-go/storage/zone.go:127.2,127.22 1 1
github.com/geraldo/bunny-sdk-go/storage/zone.go:127.22,129.3 1 1
github.com/geraldo/bunny-sdk-go/storage/zone.go:130.2,130.25 1 1
github.com/geraldo/bunny-sdk-go/storage/zone.go:130.25,132.3 1 1
github.com/geraldo/bunny-sdk-go/storage/zone.go:133.2,133.23 1 1
github.com/geraldo/bunny-sdk-go/storage/zone.go:133.23,135.3 1 1
github.com/geraldo/bunny-sdk-go/storage/zone.go:136.2,136.24 1 1
github.com/geraldo/bunny-sdk-go/cmd/test/main.go:28.13,42.2 6 0
github.com/geraldo/bunny-sdk-go/cmd/test/main.go:44.42,56.16 6 0
github.com/geraldo/bunny-sdk-go/cmd/test/main.go:56.16,58.3 1 0
github.com/geraldo/bunny-sdk-go/cmd/test/main.go:58.8,60.39 2 0
github.com/geraldo/bunny-sdk-go/cmd/test/main.go:60.39,62.4 1 0
github.com/geraldo/bunny-sdk-go/cmd/test/main.go:65.2,65.15 1 0
github.com/geraldo/bunny-sdk-go/cmd/test/main.go:68.46,77.16 6 0
github.com/geraldo/bunny-sdk-go/cmd/test/main.go:77.16,80.3 2 0
github.com/geraldo/bunny-sdk-go/cmd/test/main.go:81.2,86.16 4 0
github.com/geraldo/bunny-sdk-go/cmd/test/main.go:86.16,88.3 1 0
github.com/geraldo/bunny-sdk-go/cmd/test/main.go:88.8,90.27 2 0
github.com/geraldo/bunny-sdk-go/cmd/test/main.go:90.27,92.4 1 0
github.com/geraldo/bunny-sdk-go/cmd/test/main.go:96.2,98.16 3 0
github.com/geraldo/bunny-sdk-go/cmd/test/main.go:98.16,100.3 1 0
github.com/geraldo/bunny-sdk-go/cmd/test/main.go:100.8,104.3 3 0
github.com/geraldo/bunny-sdk-go/cmd/test/main.go:107.2,109.16 3 0
github.com/geraldo/bunny-sdk-go/cmd/test/main.go:109.16,111.3 1 0
github.com/geraldo/bunny-sdk-go/cmd/test/main.go:111.8,113.3 1 0
github.com/geraldo/bunny-sdk-go/cmd/test/main.go:115.2,115.15 1 0
github.com/geraldo/bunny-sdk-go/cmd/test/main.go:118.41,131.16 6 0
github.com/geraldo/bunny-sdk-go/cmd/test/main.go:131.16,133.3 1 0
github.com/geraldo/bunny-sdk-go/cmd/test/main.go:133.8,135.38 2 0
github.com/geraldo/bunny-sdk-go/cmd/test/main.go:135.38,137.4 1 0
github.com/geraldo/bunny-sdk-go/cmd/test/main.go:141.2,143.15 2 0
github.com/geraldo/bunny-sdk-go/cmd/test/main.go:146.64,157.16 5 0
github.com/geraldo/bunny-sdk-go/cmd/test/main.go:157.16,160.3 2 0
github.com/geraldo/bunny-sdk-go/cmd/test/main.go:162.2,163.36 2 0
github.com/geraldo/bunny-sdk-go/cmd/test/main.go:163.36,165.3 1 0
github.com/geraldo/bunny-sdk-go/cmd/test/main.go:168.2,174.16 4 0
github.com/geraldo/bunny-sdk-go/cmd/test/main.go:174.16,177.3 2 0
github.com/geraldo/bunny-sdk-go/cmd/test/main.go:179.2,180.35 2 0
github.com/geraldo/bunny-sdk-go/cmd/test/main.go:180.35,182.3 1 0
github.com/geraldo/bunny-sdk-go/internal/testutil/mock.go:16.72,18.2 1 0
github.com/geraldo/bunny-sdk-go/internal/testutil/mock.go:21.66,27.2 1 0
github.com/geraldo/bunny-sdk-go/internal/testutil/mock.go:30.104,32.28 2 0
github.com/geraldo/bunny-sdk-go/internal/testutil/mock.go:32.28,34.3 1 0
github.com/geraldo/bunny-sdk-go/internal/testutil/mock.go:35.2,35.13 1 0
